::1 - - [24/Jul/2023:08:00:59 +0000] "GET / HTTP/1.1" 200 4368 "-" "Mozilla/5.0 (Windows NT 10.0; Win64; x64) AppleWebKit/537.36 (KHTML, like Gecko) Chrome/114.0.0.0 Safari/537.36"
::1 - - [24/Jul/2023:08:01:02 +0000] "GET / HTTP/1.1" 200 4368 "http://localhost:8000/users/profile/64be1333cb11bb798f900181" "Mozilla/5.0 (Windows NT 10.0; Win64; x64) AppleWebKit/537.36 (KHTML, like Gecko) Chrome/114.0.0.0 Safari/537.36"
::1 - - [24/Jul/2023:08:01:02 +0000] "GET / HTTP/1.1" 304 - "-" "Mozilla/5.0 (Windows NT 10.0; Win64; x64) AppleWebKit/537.36 (KHTML, like Gecko) Chrome/114.0.0.0 Safari/537.36"
::1 - - [24/Jul/2023:08:01:08 +0000] "GET /users/login HTTP/1.1" 200 2285 "http://localhost:8000/" "Mozilla/5.0 (Windows NT 10.0; Win64; x64) AppleWebKit/537.36 (KHTML, like Gecko) Chrome/114.0.0.0 Safari/537.36"
::1 - - [24/Jul/2023:08:01:08 +0000] "GET /users/login HTTP/1.1" 304 - "-" "Mozilla/5.0 (Windows NT 10.0; Win64; x64) AppleWebKit/537.36 (KHTML, like Gecko) Chrome/114.0.0.0 Safari/537.36"
::1 - - [24/Jul/2023:08:01:14 +0000] "POST /users/create-session HTTP/1.1" 302 46 "http://localhost:8000/users/login" "Mozilla/5.0 (Windows NT 10.0; Win64; x64) AppleWebKit/537.36 (KHTML, like Gecko) Chrome/114.0.0.0 Safari/537.36"
::1 - - [24/Jul/2023:08:01:14 +0000] "GET / HTTP/1.1" 200 6257 "http://localhost:8000/users/login" "Mozilla/5.0 (Windows NT 10.0; Win64; x64) AppleWebKit/537.36 (KHTML, like Gecko) Chrome/114.0.0.0 Safari/537.36"
::1 - - [24/Jul/2023:08:01:15 +0000] "GET / HTTP/1.1" 200 6051 "-" "Mozilla/5.0 (Windows NT 10.0; Win64; x64) AppleWebKit/537.36 (KHTML, like Gecko) Chrome/114.0.0.0 Safari/537.36"
::1 - - [24/Jul/2023:08:02:13 +0000] "GET /users/profile/64be1333cb11bb798f900181 HTTP/1.1" 304 - "http://localhost:8000/" "Mozilla/5.0 (Windows NT 10.0; Win64; x64) AppleWebKit/537.36 (KHTML, like Gecko) Chrome/114.0.0.0 Safari/537.36"
::1 - - [24/Jul/2023:08:02:13 +0000] "GET /users/profile/64be1333cb11bb798f900181 HTTP/1.1" 304 - "-" "Mozilla/5.0 (Windows NT 10.0; Win64; x64) AppleWebKit/537.36 (KHTML, like Gecko) Chrome/114.0.0.0 Safari/537.36"
[0mGET / [32m200[0m 646.848 ms - 2363[0m
[0mGET /favicon.ico [33m404[0m 32.918 ms - 150[0m
[0mGET / [32m200[0m 563.908 ms - 2363[0m
[0mGET /users/login [32m200[0m 8.988 ms - 2285[0m
[0mGET /users/login [32m200[0m 6.101 ms - 2285[0m
[0mPOST /users/create-session [36m302[0m 303.748 ms - 68[0m
[0mGET /users/login [32m200[0m 6.085 ms - 2495[0m
[0mGET /users/login [36m304[0m 5.859 ms - -[0m
[0mGET /users/signup [32m200[0m 14.790 ms - 2769[0m
[0mGET /users/signup [32m200[0m 7.353 ms - 2769[0m
[0mPOST /users/create [36m302[0m 635.953 ms - 68[0m
[0mGET /users/login [32m200[0m 4.569 ms - 2491[0m
[0mGET /users/login [36m304[0m 5.909 ms - -[0m
[0mPOST /users/create-session [36m302[0m 333.690 ms - 46[0m
[0mGET / [32m200[0m 900.795 ms - 3304[0m
[0mGET / [32m200[0m 959.130 ms - 3098[0m
[0mPOST /posts/create-post [36m302[0m 698.535 ms - 88[0m
[0mGET / [32m200[0m 1325.478 ms - 5581[0m
[0mGET / [32m200[0m 1276.724 ms - 5372[0m
[0mGET /users/signout [36m302[0m 819.419 ms - 46[0m
[0mGET / [32m200[0m 1005.740 ms - 4223[0m
[0mGET / [32m200[0m 936.367 ms - 4016[0m
[0mGET /users/signup [36m304[0m 5.689 ms - -[0m
[0mGET /users/signup [36m304[0m 7.148 ms - -[0m
[0mPOST /users/create [36m302[0m 608.635 ms - 68[0m
[0mGET /users/login [36m304[0m 4.226 ms - -[0m
[0mGET /users/login [36m304[0m 8.000 ms - -[0m
[0mPOST /users/create-session [31m500[0m 55739.687 ms - 148[0m
[0mGET /users/create-session [33m404[0m 4.049 ms - 159[0m
[0mPOST /users/create-session [36m302[0m 1864.744 ms - 46[0m
[0mGET / [32m200[0m 1275.156 ms - 5512[0m
[0mGET / [32m200[0m 1412.192 ms - 5306[0m
[0mPOST /comments/create-comment [36m302[0m 2889.701 ms - 88[0m
[0mGET / [32m200[0m 1819.037 ms - 6284[0m
[0mGET / [32m200[0m 1446.754 ms - 6087[0m
[0mGET /users/profile/64c2058e8a77c80c59d0e801 [32m200[0m 884.632 ms - 3054[0m
[0mGET /users/profile/64c2058e8a77c80c59d0e801 [32m200[0m 926.391 ms - 3054[0m
[0mGET /users/profile/64c2058e8a77c80c59d0e801 [36m304[0m 877.188 ms - -[0m
[0mGET /users/profile/64c2058e8a77c80c59d0e801 [36m304[0m 1322.827 ms - -[0m
[0mPOST /users/update-profile/64c2058e8a77c80c59d0e801 [36m302[0m 705.287 ms - 164[0m
[0mGET /users/profile/64c2058e8a77c80c59d0e801 [32m200[0m 899.842 ms - 3388[0m
[0mGET /users/profile/64c2058e8a77c80c59d0e801 [32m200[0m 970.505 ms - 3176[0m
